# JRE version: OpenJDK Runtime Environment (8.0_242-b01) (build 1.8.0_242-release-1644-b01)
# Java VM: OpenJDK 64-Bit Server VM (25.242-b01 mixed mode windows-amd64 compressed oops)
Heap:
 PSYoungGen      total 382976K, used 158340K [0x00000000d5580000, 0x00000000eef00000, 0x0000000100000000)
  eden space 345088K, 42% used [0x00000000d5580000,0x00000000de40e3c0,0x00000000ea680000)
  from space 37888K, 32% used [0x00000000eca00000,0x00000000ed612e68,0x00000000eef00000)
  to   space 36352K, 0% used [0x00000000ea680000,0x00000000ea680000,0x00000000eca00000)
 ParOldGen       total 217600K, used 99689K [0x0000000080000000, 0x000000008d480000, 0x00000000d5580000)
  object space 217600K, 45% used [0x0000000080000000,0x000000008615a590,0x000000008d480000)
 Metaspace       used 99053K, capacity 103780K, committed 103976K, reserved 1138688K
  class space    used 12953K, capacity 13851K, committed 13864K, reserved 1048576K
GC Heap History (10 events):
Event: 1287.266 GC heap before
{Heap before GC invocations=25 (full 4):
 PSYoungGen      total 317440K, used 287060K [0x00000000d5580000, 0x00000000eb600000, 0x0000000100000000)
  eden space 275456K, 100% used [0x00000000d5580000,0x00000000e6280000,0x00000000e6280000)
  from space 41984K, 27% used [0x00000000e8980000,0x00000000e94d52e0,0x00000000eb280000)
  to   space 39936K, 0% used [0x00000000e6280000,0x00000000e6280000,0x00000000e8980000)
 ParOldGen       total 217600K, used 83291K [0x0000000080000000, 0x000000008d480000, 0x00000000d5580000)
  object space 217600K, 38% used [0x0000000080000000,0x0000000085156c28,0x000000008d480000)
 Metaspace       used 98491K, capacity 103180K, committed 103464K, reserved 1138688K
  class space    used 12920K, capacity 13803K, committed 13864K, reserved 1048576K
Event: 1287.316 GC heap after
Heap after GC invocations=25 (full 4):
 PSYoungGen      total 315392K, used 17467K [0x00000000d5580000, 0x00000000eef80000, 0x0000000100000000)
  eden space 275456K, 0% used [0x00000000d5580000,0x00000000d5580000,0x00000000e6280000)
  from space 39936K, 43% used [0x00000000e6280000,0x00000000e738ecd8,0x00000000e8980000)
  to   space 38400K, 0% used [0x00000000eca00000,0x00000000eca00000,0x00000000eef80000)
 ParOldGen       total 217600K, used 83291K [0x0000000080000000, 0x000000008d480000, 0x00000000d5580000)
  object space 217600K, 38% used [0x0000000080000000,0x0000000085156c28,0x000000008d480000)
 Metaspace       used 98491K, capacity 103180K, committed 103464K, reserved 1138688K
  class space    used 12920K, capacity 13803K, committed 13864K, reserved 1048576K
}
Event: 1288.863 GC heap before
{Heap before GC invocations=26 (full 4):
 PSYoungGen      total 315392K, used 292923K [0x00000000d5580000, 0x00000000eef80000, 0x0000000100000000)
  eden space 275456K, 100% used [0x00000000d5580000,0x00000000e6280000,0x00000000e6280000)
  from space 39936K, 43% used [0x00000000e6280000,0x00000000e738ecd8,0x00000000e8980000)
  to   space 38400K, 0% used [0x00000000eca00000,0x00000000eca00000,0x00000000eef80000)
 ParOldGen       total 217600K, used 83291K [0x0000000080000000, 0x000000008d480000, 0x00000000d5580000)
  object space 217600K, 38% used [0x0000000080000000,0x0000000085156c28,0x000000008d480000)
 Metaspace       used 98758K, capacity 103432K, committed 103464K, reserved 1138688K
  class space    used 12935K, capacity 13837K, committed 13864K, reserved 1048576K
Event: 1288.923 GC heap after
Heap after GC invocations=26 (full 4):
 PSYoungGen      total 382976K, used 13294K [0x00000000d5580000, 0x00000000eef00000, 0x0000000100000000)
  eden space 345088K, 0% used [0x00000000d5580000,0x00000000d5580000,0x00000000ea680000)
  from space 37888K, 35% used [0x00000000eca00000,0x00000000ed6fbb20,0x00000000eef00000)
  to   space 36352K, 0% used [0x00000000ea680000,0x00000000ea680000,0x00000000eca00000)
 ParOldGen       total 217600K, used 87448K [0x0000000080000000, 0x000000008d480000, 0x00000000d5580000)
  object space 217600K, 40% used [0x0000000080000000,0x0000000085566018,0x000000008d480000)
 Metaspace       used 98758K, capacity 103432K, committed 103464K, reserved 1138688K
  class space    used 12935K, capacity 13837K, committed 13864K, reserved 1048576K
}
Event: 1292.056 GC heap before
{Heap before GC invocations=27 (full 4):
 PSYoungGen      total 382976K, used 358382K [0x00000000d5580000, 0x00000000eef00000, 0x0000000100000000)
  eden space 345088K, 100% used [0x00000000d5580000,0x00000000ea680000,0x00000000ea680000)
  from space 37888K, 35% used [0x00000000eca00000,0x00000000ed6fbb20,0x00000000eef00000)
  to   space 36352K, 0% used [0x00000000ea680000,0x00000000ea680000,0x00000000eca00000)
 ParOldGen       total 217600K, used 87448K [0x0000000080000000, 0x000000008d480000, 0x00000000d5580000)
  object space 217600K, 40% used [0x0000000080000000,0x0000000085566018,0x000000008d480000)
 Metaspace       used 98962K, capacity 103686K, committed 103720K, reserved 1138688K
  class space    used 12950K, capacity 13848K, committed 13864K, reserved 1048576K
Event: 1292.160 GC heap after
Heap after GC invocations=27 (full 4):
 PSYoungGen      total 381440K, used 10209K [0x00000000d5580000, 0x00000000eef00000, 0x0000000100000000)
  eden space 345088K, 0% used [0x00000000d5580000,0x00000000d5580000,0x00000000ea680000)
  from space 36352K, 28% used [0x00000000ea680000,0x00000000eb0786d0,0x00000000eca00000)
  to   space 37888K, 0% used [0x00000000eca00000,0x00000000eca00000,0x00000000eef00000)
 ParOldGen       total 217600K, used 90484K [0x0000000080000000, 0x000000008d480000, 0x00000000d5580000)
  object space 217600K, 41% used [0x0000000080000000,0x000000008585d048,0x000000008d480000)
 Metaspace       used 98962K, capacity 103686K, committed 103720K, reserved 1138688K
  class space    used 12950K, capacity 13848K, committed 13864K, reserved 1048576K
}
Event: 1294.358 GC heap before
{Heap before GC invocations=28 (full 4):
 PSYoungGen      total 381440K, used 355297K [0x00000000d5580000, 0x00000000eef00000, 0x0000000100000000)
  eden space 345088K, 100% used [0x00000000d5580000,0x00000000ea680000,0x00000000ea680000)
  from space 36352K, 28% used [0x00000000ea680000,0x00000000eb0786d0,0x00000000eca00000)
  to   space 37888K, 0% used [0x00000000eca00000,0x00000000eca00000,0x00000000eef00000)
 ParOldGen       total 217600K, used 90484K [0x0000000080000000, 0x000000008d480000, 0x00000000d5580000)
  object space 217600K, 41% used [0x0000000080000000,0x000000008585d048,0x000000008d480000)
 Metaspace       used 98996K, capacity 103712K, committed 103976K, reserved 1138688K
  class space    used 12953K, capacity 13851K, committed 13864K, reserved 1048576K
Event: 1294.395 GC heap after
Heap after GC invocations=28 (full 4):
 PSYoungGen      total 382976K, used 9904K [0x00000000d5580000, 0x00000000eef00000, 0x0000000100000000)
  eden space 345088K, 0% used [0x00000000d5580000,0x00000000d5580000,0x00000000ea680000)
  from space 37888K, 26% used [0x00000000eca00000,0x00000000ed3ac1b0,0x00000000eef00000)
  to   space 36352K, 0% used [0x00000000ea680000,0x00000000ea680000,0x00000000eca00000)
 ParOldGen       total 217600K, used 93532K [0x0000000080000000, 0x000000008d480000, 0x00000000d5580000)
  object space 217600K, 42% used [0x0000000080000000,0x0000000085b57088,0x000000008d480000)
 Metaspace       used 98996K, capacity 103712K, committed 103976K, reserved 1138688K
  class space    used 12953K, capacity 13851K, committed 13864K, reserved 1048576K
}
Event: 1297.193 GC heap before
{Heap before GC invocations=29 (full 4):
 PSYoungGen      total 382976K, used 354992K [0x00000000d5580000, 0x00000000eef00000, 0x0000000100000000)
  eden space 345088K, 100% used [0x00000000d5580000,0x00000000ea680000,0x00000000ea680000)
  from space 37888K, 26% used [0x00000000eca00000,0x00000000ed3ac1b0,0x00000000eef00000)
  to   space 36352K, 0% used [0x00000000ea680000,0x00000000ea680000,0x00000000eca00000)
 ParOldGen       total 217600K, used 93532K [0x0000000080000000, 0x000000008d480000, 0x00000000d5580000)
  object space 217600K, 42% used [0x0000000080000000,0x0000000085b57088,0x000000008d480000)
 Metaspace       used 99028K, capacity 103776K, committed 103976K, reserved 1138688K
  class space    used 12953K, capacity 13851K, committed 13864K, reserved 1048576K
Event: 1297.220 GC heap after
Heap after GC invocations=29 (full 4):
 PSYoungGen      total 381440K, used 6961K [0x00000000d5580000, 0x00000000eef00000, 0x0000000100000000)
  eden space 345088K, 0% used [0x00000000d5580000,0x00000000d5580000,0x00000000ea680000)
  from space 36352K, 19% used [0x00000000ea680000,0x00000000ead4c7e8,0x00000000eca00000)
  to   space 37888K, 0% used [0x00000000eca00000,0x00000000eca00000,0x00000000eef00000)
 ParOldGen       total 217600K, used 95586K [0x0000000080000000, 0x000000008d480000, 0x00000000d5580000)
  object space 217600K, 43% used [0x0000000080000000,0x0000000085d58bf0,0x000000008d480000)
 Metaspace       used 99028K, capacity 103776K, committed 103976K, reserved 1138688K
  class space    used 12953K, capacity 13851K, committed 13864K, reserved 1048576K
}

